{"data":{"win":{"system":{"providerName":"Microsoft-Windows-Security-Auditing","systemTime":"2022-05-06T08:16:21.009714800Z","version":"0","processID":"1168","task":"12544","computer":"BELL-FAMADM01.na.pg.com","eventRecordID":"11164762853","providerGuid":"{54849625-5478-4994-A5BA-3E3B0328C30D}","opcode":"0","severityValue":"AUDIT_FAILURE","channel":"Security","eventID":"4625","message":"\"An account failed to log on.\r\n\r\nSubject:\r\n\tSecurity ID:\t\tS-1-0-0\r\n\tAccount Name:\t\t-\r\n\tAccount Domain:\t\t-\r\n\tLogon ID:\t\t0x0\r\n\r\nLogon Type:\t\t\t3\r\n\r\nAccount For Which Logon Failed:\r\n\tSecurity ID:\t\tS-1-0-0\r\n\tAccount Name:\t\tBELL-FAMIAS01N$\r\n\tAccount Domain:\t\tNA\r\n\r\nFailure Information:\r\n\tFailure Reason:\t\tThe user has not been granted the requested logon type at this machine.\r\n\tStatus:\t\t\t0xC000015B\r\n\tSub Status:\t\t0x0\r\n\r\nProcess Information:\r\n\tCaller Process ID:\t0x0\r\n\tCaller Process Name:\t-\r\n\r\nNetwork Information:\r\n\tWorkstation Name:\tBELL-FAMIAS01N\r\n\tSource Network Address:\t143.5.187.14\r\n\tSource Port:\t\t49956\r\n\r\nDetailed Authentication Information:\r\n\tLogon Process:\t\tNtLmSsp \r\n\tAuthentication Package:\tNTLM\r\n\tTransited Services:\t-\r\n\tPackage Name (NTLM only):\t-\r\n\tKey Length:\t\t0\r\n\r\nThis event is generated when a logon request fails. It is generated on the computer where access was attempted.\r\n\r\nThe Subject fields indicate the account on the local system which requested the logon. This is most commonly a service such as the Server service, or a local process such as Winlogon.exe or Services.exe.\r\n\r\nThe Logon Type field indicates the kind of logon that was requested. The most common types are 2 (interactive) and 3 (network).\r\n\r\nThe Process Information fields indicate which account and process on the system requested the logon.\r\n\r\nThe Network Information fields indicate where a remote logon request originated. Workstation name is not always available and may be left blank in some cases.\r\n\r\nThe authentication information fields provide detailed information about this specific logon request.\r\n\t- Transited services indicate which intermediate services have participated in this logon request.\r\n\t- Package name indicates which sub-protocol was used among the NTLM protocols.\r\n\t- Key length indicates the length of the generated session key. This will be 0 if no session key was requested.\"","level":"0","threadID":"268384","keywords":"0x8010000000000000"},"eventdata":{"ipPort":"49956","targetUserSid":"S-1-0-0","targetDomainName":"NA","ipAddress":"143.5.187.14","targetUserName":"BELL-FAMIAS01N$","authenticationPackageName":"NTLM","failureReason":"%%2308","logonProcessName":"NtLmSsp","status":"0xc000015b","subjectLogonId":"0x0","logonType":"3","workstationName":"BELL-FAMIAS01N","subjectUserSid":"S-1-0-0","subStatus":"0x0","keyLength":"0","processId":"0x0"}}},"cluster":{"node":"node06","name":"noncloud"},"previous_output":"{\"win\":{\"system\":{\"providerName\":\"Microsoft-Windows-Security-Auditing\",\"providerGuid\":\"{54849625-5478-4994-A5BA-3E3B0328C30D}\",\"eventID\":\"4625\",\"version\":\"0\",\"level\":\"0\",\"task\":\"12544\",\"opcode\":\"0\",\"keywords\":\"0x8010000000000000\",\"systemTime\":\"2022-05-06T08:16:21.012394900Z\",\"eventRecordID\":\"11164762855\",\"processID\":\"1168\",\"threadID\":\"262536\",\"channel\":\"Security\",\"computer\":\"BELL-FAMADM01.na.pg.com\",\"severityValue\":\"AUDIT_FAILURE\",\"message\":\"\\\"An account failed to log on.\\r\\n\\r\\nSubject:\\r\\n\\tSecurity ID:\\t\\tS-1-0-0\\r\\n\\tAccount Name:\\t\\t-\\r\\n\\tAccount Domain:\\t\\t-\\r\\n\\tLogon ID:\\t\\t0x0\\r\\n\\r\\nLogon Type:\\t\\t\\t3\\r\\n\\r\\nAccount For Which Logon Failed:\\r\\n\\tSecurity ID:\\t\\tS-1-0-0\\r\\n\\tAccount Name:\\t\\tBELL-FAMIAS01N$\\r\\n\\tAccount Domain:\\t\\tNA\\r\\n\\r\\nFailure Information:\\r\\n\\tFailure Reason:\\t\\tThe user has not been granted the requested logon type at this machine.\\r\\n\\tStatus:\\t\\t\\t0xC000015B\\r\\n\\tSub Status:\\t\\t0x0\\r\\n\\r\\nProcess Information:\\r\\n\\tCaller Process ID:\\t0x0\\r\\n\\tCaller Process Name:\\t-\\r\\n\\r\\nNetwork Information:\\r\\n\\tWorkstation Name:\\tBELL-FAMIAS01N\\r\\n\\tSource Network Address:\\t143.5.187.14\\r\\n\\tSource Port:\\t\\t49981\\r\\n\\r\\nDetailed Authentication Information:\\r\\n\\tLogon Process:\\t\\tNtLmSsp \\r\\n\\tAuthentication Package:\\tNTLM\\r\\n\\tTransited Services:\\t-\\r\\n\\tPackage Name (NTLM only):\\t-\\r\\n\\tKey Length:\\t\\t0\\r\\n\\r\\nThis event is generated when a logon request fails. It is generated on the computer where access was attempted.\\r\\n\\r\\nThe Subject fields indicate the account on the local system which requested the logon. This is most commonly a service such as the Server service, or a local process such as Winlogon.exe or Services.exe.\\r\\n\\r\\nThe Logon Type field indicates the kind of logon that was requested. The most common types are 2 (interactive) and 3 (network).\\r\\n\\r\\nThe Process Information fields indicate which account and process on the system requested the logon.\\r\\n\\r\\nThe Network Information fields indicate where a remote logon request originated. Workstation name is not always available and may be left blank in some cases.\\r\\n\\r\\nThe authentication information fields provide detailed information about this specific logon request.\\r\\n\\t- Transited services indicate which intermediate services have participated in this logon request.\\r\\n\\t- Package name indicates which sub-protocol was used among the NTLM protocols.\\r\\n\\t- Key length indicates the length of the generated session key. This will be 0 if no session key was requested.\\\"\"},\"eventdata\":{\"subjectUserSid\":\"S-1-0-0\",\"subjectLogonId\":\"0x0\",\"targetUserSid\":\"S-1-0-0\",\"targetUserName\":\"BELL-FAMIAS01N$\",\"targetDomainName\":\"NA\",\"status\":\"0xc000015b\",\"failureReason\":\"%%2308\",\"subStatus\":\"0x0\",\"logonType\":\"3\",\"logonProcessName\":\"NtLmSsp\",\"authenticationPackageName\":\"NTLM\",\"workstationName\":\"BELL-FAMIAS01N\",\"keyLength\":\"0\",\"processId\":\"0x0\",\"ipAddress\":\"143.5.187.14\",\"ipPort\":\"49981\"}}}\n{\"win\":{\"system\":{\"providerName\":\"Microsoft-Windows-Security-Auditing\",\"providerGuid\":\"{54849625-5478-4994-A5BA-3E3B0328C30D}\",\"eventID\":\"4625\",\"version\":\"0\",\"level\":\"0\",\"task\":\"12544\",\"opcode\":\"0\",\"keywords\":\"0x8010000000000000\",\"systemTime\":\"2022-05-06T08:16:21.011241100Z\",\"eventRecordID\":\"11164762854\",\"processID\":\"1168\",\"threadID\":\"268680\",\"channel\":\"Security\",\"computer\":\"BELL-FAMADM01.na.pg.com\",\"severityValue\":\"AUDIT_FAILURE\",\"message\":\"\\\"An account failed to log on.\\r\\n\\r\\nSubject:\\r\\n\\tSecurity ID:\\t\\tS-1-0-0\\r\\n\\tAccount Name:\\t\\t-\\r\\n\\tAccount Domain:\\t\\t-\\r\\n\\tLogon ID:\\t\\t0x0\\r\\n\\r\\nLogon Type:\\t\\t\\t3\\r\\n\\r\\nAccount For Which Logon Failed:\\r\\n\\tSecurity ID:\\t\\tS-1-0-0\\r\\n\\tAccount Name:\\t\\tBELL-FAMIAS01N$\\r\\n\\tAccount Domain:\\t\\tNA\\r\\n\\r\\nFailure Information:\\r\\n\\tFailure Reason:\\t\\tThe user has not been granted the requested logon type at this machine.\\r\\n\\tStatus:\\t\\t\\t0xC000015B\\r\\n\\tSub Status:\\t\\t0x0\\r\\n\\r\\nProcess Information:\\r\\n\\tCaller Process ID:\\t0x0\\r\\n\\tCaller Process Name:\\t-\\r\\n\\r\\nNetwork Information:\\r\\n\\tWorkstation Name:\\tBELL-FAMIAS01N\\r\\n\\tSource Network Address:\\t143.5.187.14\\r\\n\\tSource Port:\\t\\t49988\\r\\n\\r\\nDetailed Authentication Information:\\r\\n\\tLogon Process:\\t\\tNtLmSsp \\r\\n\\tAuthentication Package:\\tNTLM\\r\\n\\tTransited Services:\\t-\\r\\n\\tPackage Name (NTLM only):\\t-\\r\\n\\tKey Length:\\t\\t0\\r\\n\\r\\nThis event is generated when a logon request fails. It is generated on the computer where access was attempted.\\r\\n\\r\\nThe Subject fields indicate the account on the local system which requested the logon. This is most commonly a service such as the Server service, or a local process such as Winlogon.exe or Services.exe.\\r\\n\\r\\nThe Logon Type field indicates the kind of logon that was requested. The most common types are 2 (interactive) and 3 (network).\\r\\n\\r\\nThe Process Information fields indicate which account and process on the system requested the logon.\\r\\n\\r\\nThe Network Information fields indicate where a remote logon request originated. Workstation name is not always available and may be left blank in some cases.\\r\\n\\r\\nThe authentication information fields provide detailed information about this specific logon request.\\r\\n\\t- Transited services indicate which intermediate services have participated in this logon request.\\r\\n\\t- Package name indicates which sub-protocol was used among the NTLM protocols.\\r\\n\\t- Key length indicates the length of the generated session key. This will be 0 if no session key was requested.\\\"\"},\"eventdata\":{\"subjectUserSid\":\"S-1-0-0\",\"subjectLogonId\":\"0x0\",\"targetUserSid\":\"S-1-0-0\",\"targetUserName\":\"BELL-FAMIAS01N$\",\"targetDomainName\":\"NA\",\"status\":\"0xc000015b\",\"failureReason\":\"%%2308\",\"subStatus\":\"0x0\",\"logonType\":\"3\",\"logonProcessName\":\"NtLmSsp\",\"authenticationPackageName\":\"NTLM\",\"workstationName\":\"BELL-FAMIAS01N\",\"keyLength\":\"0\",\"processId\":\"0x0\",\"ipAddress\":\"143.5.187.14\",\"ipPort\":\"49988\"}}}\n{\"win\":{\"system\":{\"providerName\":\"Microsoft-Windows-Security-Auditing\",\"providerGuid\":\"{54849625-5478-4994-A5BA-3E3B0328C30D}\",\"eventID\":\"4625\",\"version\":\"0\",\"level\":\"0\",\"task\":\"12544\",\"opcode\":\"0\",\"keywords\":\"0x8010000000000000\",\"systemTime\":\"2022-05-06T08:16:20.998568900Z\",\"eventRecordID\":\"11164762849\",\"processID\":\"1168\",\"threadID\":\"274616\",\"channel\":\"Security\",\"computer\":\"BELL-FAMADM01.na.pg.com\",\"severityValue\":\"AUDIT_FAILURE\",\"message\":\"\\\"An account failed to log on.\\r\\n\\r\\nSubject:\\r\\n\\tSecurity ID:\\t\\tS-1-0-0\\r\\n\\tAccount Name:\\t\\t-\\r\\n\\tAccount Domain:\\t\\t-\\r\\n\\tLogon ID:\\t\\t0x0\\r\\n\\r\\nLogon Type:\\t\\t\\t3\\r\\n\\r\\nAccount For Which Logon Failed:\\r\\n\\tSecurity ID:\\t\\tS-1-0-0\\r\\n\\tAccount Name:\\t\\tBELL-FAMIAS01N$\\r\\n\\tAccount Domain:\\t\\tNA\\r\\n\\r\\nFailure Information:\\r\\n\\tFailure Reason:\\t\\tThe user has not been granted the requested logon type at this machine.\\r\\n\\tStatus:\\t\\t\\t0xC000015B\\r\\n\\tSub Status:\\t\\t0x0\\r\\n\\r\\nProcess Information:\\r\\n\\tCaller Process ID:\\t0x0\\r\\n\\tCaller Process Name:\\t-\\r\\n\\r\\nNetwork Information:\\r\\n\\tWorkstation Name:\\tBELL-FAMIAS01N\\r\\n\\tSource Network Address:\\t143.5.187.14\\r\\n\\tSource Port:\\t\\t49987\\r\\n\\r\\nDetailed Authentication Information:\\r\\n\\tLogon Process:\\t\\tNtLmSsp \\r\\n\\tAuthentication Package:\\tNTLM\\r\\n\\tTransited Services:\\t-\\r\\n\\tPackage Name (NTLM only):\\t-\\r\\n\\tKey Length:\\t\\t0\\r\\n\\r\\nThis event is generated when a logon request fails. It is generated on the computer where access was attempted.\\r\\n\\r\\nThe Subject fields indicate the account on the local system which requested the logon. This is most commonly a service such as the Server service, or a local process such as Winlogon.exe or Services.exe.\\r\\n\\r\\nThe Logon Type field indicates the kind of logon that was requested. The most common types are 2 (interactive) and 3 (network).\\r\\n\\r\\nThe Process Information fields indicate which account and process on the system requested the logon.\\r\\n\\r\\nThe Network Information fields indicate where a remote logon request originated. Workstation name is not always available and may be left blank in some cases.\\r\\n\\r\\nThe authentication information fields provide detailed information about this specific logon request.\\r\\n\\t- Transited services indicate which intermediate services have participated in this logon request.\\r\\n\\t- Package name indicates which sub-protocol was used among the NTLM protocols.\\r\\n\\t- Key length indicates the length of the generated session key. This will be 0 if no session key was requested.\\\"\"},\"eventdata\":{\"subjectUserSid\":\"S-1-0-0\",\"subjectLogonId\":\"0x0\",\"targetUserSid\":\"S-1-0-0\",\"targetUserName\":\"BELL-FAMIAS01N$\",\"targetDomainName\":\"NA\",\"status\":\"0xc000015b\",\"failureReason\":\"%%2308\",\"subStatus\":\"0x0\",\"logonType\":\"3\",\"logonProcessName\":\"NtLmSsp\",\"authenticationPackageName\":\"NTLM\",\"workstationName\":\"BELL-FAMIAS01N\",\"keyLength\":\"0\",\"processId\":\"0x0\",\"ipAddress\":\"143.5.187.14\",\"ipPort\":\"49987\"}}}\n{\"win\":{\"system\":{\"providerName\":\"Microsoft-Windows-Security-Auditing\",\"providerGuid\":\"{54849625-5478-4994-A5BA-3E3B0328C30D}\",\"eventID\":\"4625\",\"version\":\"0\",\"level\":\"0\",\"task\":\"12544\",\"opcode\":\"0\",\"keywords\":\"0x8010000000000000\",\"systemTime\":\"2022-05-06T08:16:20.988258900Z\",\"eventRecordID\":\"11164762848\",\"processID\":\"1168\",\"threadID\":\"274644\",\"channel\":\"Security\",\"computer\":\"BELL-FAMADM01.na.pg.com\",\"severityValue\":\"AUDIT_FAILURE\",\"message\":\"\\\"An account failed to log on.\\r\\n\\r\\nSubject:\\r\\n\\tSecurity ID:\\t\\tS-1-0-0\\r\\n\\tAccount Name:\\t\\t-\\r\\n\\tAccount Domain:\\t\\t-\\r\\n\\tLogon ID:\\t\\t0x0\\r\\n\\r\\nLogon Type:\\t\\t\\t3\\r\\n\\r\\nAccount For Which Logon Failed:\\r\\n\\tSecurity ID:\\t\\tS-1-0-0\\r\\n\\tAccount Name:\\t\\tBELL-FAMIAS01N$\\r\\n\\tAccount Domain:\\t\\tNA\\r\\n\\r\\nFailure Information:\\r\\n\\tFailure Reason:\\t\\tThe user has not been granted the requested logon type at this machine.\\r\\n\\tStatus:\\t\\t\\t0xC000015B\\r\\n\\tSub Status:\\t\\t0x0\\r\\n\\r\\nProcess Information:\\r\\n\\tCaller Process ID:\\t0x0\\r\\n\\tCaller Process Name:\\t-\\r\\n\\r\\nNetwork Information:\\r\\n\\tWorkstation Name:\\tBELL-FAMIAS01N\\r\\n\\tSource Network Address:\\t143.5.187.14\\r\\n\\tSource Port:\\t\\t49977\\r\\n\\r\\nDetailed Authentication Information:\\r\\n\\tLogon Process:\\t\\tNtLmSsp \\r\\n\\tAuthentication Package:\\tNTLM\\r\\n\\tTransited Services:\\t-\\r\\n\\tPackage Name (NTLM only):\\t-\\r\\n\\tKey Length:\\t\\t0\\r\\n\\r\\nThis event is generated when a logon request fails. It is generated on the computer where access was attempted.\\r\\n\\r\\nThe Subject fields indicate the account on the local system which requested the logon. This is most commonly a service such as the Server service, or a local process such as Winlogon.exe or Services.exe.\\r\\n\\r\\nThe Logon Type field indicates the kind of logon that was requested. The most common types are 2 (interactive) and 3 (network).\\r\\n\\r\\nThe Process Information fields indicate which account and process on the system requested the logon.\\r\\n\\r\\nThe Network Information fields indicate where a remote logon request originated. Workstation name is not always available and may be left blank in some cases.\\r\\n\\r\\nThe authentication information fields provide detailed information about this specific logon request.\\r\\n\\t- Transited services indicate which intermediate services have participated in this logon request.\\r\\n\\t- Package name indicates which sub-protocol was used among the NTLM protocols.\\r\\n\\t- Key length indicates the length of the generated session key. This will be 0 if no session key was requested.\\\"\"},\"eventdata\":{\"subjectUserSid\":\"S-1-0-0\",\"subjectLogonId\":\"0x0\",\"targetUserSid\":\"S-1-0-0\",\"targetUserName\":\"BELL-FAMIAS01N$\",\"targetDomainName\":\"NA\",\"status\":\"0xc000015b\",\"failureReason\":\"%%2308\",\"subStatus\":\"0x0\",\"logonType\":\"3\",\"logonProcessName\":\"NtLmSsp\",\"authenticationPackageName\":\"NTLM\",\"workstationName\":\"BELL-FAMIAS01N\",\"keyLength\":\"0\",\"processId\":\"0x0\",\"ipAddress\":\"143.5.187.14\",\"ipPort\":\"49977\"}}}","@timestamp":"2022-05-06T08:16:21.145Z","agent":{"name":"BELL-FAMADM01","id":"20560","ip":"143.5.187.18","labels":{"timezone":"-05","os":{"version":"Server2016Standard","name":"Windows"},"network":{"mac":{"others":"00:50:56:82:8B:39,","primary":"00:50:56:82:C4:D1"},"ipv4":{"others":"143.30.160.4,","primary":"143.5.187.18"}},"agent_hostname":"BELL-FAMADM01"}},"event_type":"alerts","location":"EventChannel","@index_name":"wazuh-alerts-dxc-windows","GeoLocation":{"country_name":"United States","location":{"lon":-97.822,"lat":37.751},"country_code2":"US","continent_code":"NA"},"manager":{"name":"wazuh-manager-noncloud-06"},"timestamp":"2022-05-06T08:16:21.145Z","input":{"type":"log"},"rule":{"frequency":5,"nist_800_53":["AU.14","AC.7","SI.4"],"pci_dss":["10.2.4","10.2.5","11.4"],"groups":["windowsevents","authentication_failures"],"gdpr":["IV_35.7.d","IV_32.2"],"mail":false,"description":"Multiple Windows Logon Failures","firedtimes":45668,"tsc":["CC6.1","CC6.8","CC7.2","CC7.3"],"id":"200022","mitre":{"tactic":["Credential Access"],"id":["T1110"],"technique":["Brute Force"]},"hipaa":["164.312.b"],"level":10},"id":"1651824981.5687684730","pg":{"source":{"groups":[],"site":{"name":"BELLEVILLE PLANT-P&G CANADA","location":{"lon":4.75,"lat":46.1},"city":"BELLEVILLE","state":"ON","code":"2038","country":"CA"}},"alert_name":"Multiple Windows Logon Failures","destination":{"site":{"name":"BELLEVILLE PLANT-P&G CANADA","location":{"lon":4.75,"lat":46.1},"city":"BELLEVILLE","state":"ON","code":"2038","country":"CA"}}},"decoder":{"name":"windows_eventchannel"}}
